<?xml version="1.0" encoding="UTF-8"?>
<testng-results skipped="0" failed="0" total="1" passed="1">
  <reporter-output>
  </reporter-output>
  <suite name="Suite" duration-ms="19748" started-at="2018-10-04T02:06:31Z" finished-at="2018-10-04T02:06:51Z">
    <groups>
    </groups>
    <test name="Test" duration-ms="19748" started-at="2018-10-04T02:06:31Z" finished-at="2018-10-04T02:06:51Z">
      <class name="testClass.TestClass1">
        <test-method status="PASS" signature="blaunch()[pri:0, instance:testClass.TestClass1@6fd02e5]" name="blaunch" is-config="true" duration-ms="14406" started-at="2018-10-04T07:36:31Z" finished-at="2018-10-04T07:36:46Z">
          <reporter-output>
          </reporter-output>
        </test-method> <!-- blaunch -->
        <test-method status="PASS" signature="sitetest()[pri:0, instance:testClass.TestClass1@6fd02e5]" name="sitetest" duration-ms="3222" started-at="2018-10-04T07:36:46Z" finished-at="2018-10-04T07:36:49Z">
          <reporter-output>
          </reporter-output>
        </test-method> <!-- sitetest -->
        <test-method status="PASS" signature="aftertest()[pri:0, instance:testClass.TestClass1@6fd02e5]" name="aftertest" is-config="true" duration-ms="2082" started-at="2018-10-04T07:36:49Z" finished-at="2018-10-04T07:36:51Z">
          <reporter-output>
          </reporter-output>
        </test-method> <!-- aftertest -->
      </class> <!-- testClass.TestClass1 -->
    </test> <!-- Test -->
  </suite> <!-- Suite -->
</testng-results>
