<?xml version="1.0" encoding="UTF-8"?>
<testng-results skipped="0" failed="0" ignored="0" total="1" passed="1">
  <reporter-output>
  </reporter-output>
  <suite name="Suite" duration-ms="17762" started-at="2018-10-08T07:04:46Z" finished-at="2018-10-08T07:05:04Z">
    <groups>
    </groups>
    <test name="Test" duration-ms="17762" started-at="2018-10-08T07:04:46Z" finished-at="2018-10-08T07:05:04Z">
      <class name="testClass.TestClass1">
        <test-method status="PASS" signature="blaunch()[pri:0, instance:testClass.TestClass1@394e1a0f]" name="blaunch" is-config="true" duration-ms="11394" started-at="2018-10-08T07:04:46Z" finished-at="2018-10-08T07:04:57Z">
          <reporter-output>
          </reporter-output>
        </test-method> <!-- blaunch -->
        <test-method status="PASS" signature="sitetest()[pri:0, instance:testClass.TestClass1@394e1a0f]" name="sitetest" duration-ms="3980" started-at="2018-10-08T07:04:57Z" finished-at="2018-10-08T07:05:01Z">
          <reporter-output>
          </reporter-output>
        </test-method> <!-- sitetest -->
        <test-method status="PASS" signature="aftertest()[pri:0, instance:testClass.TestClass1@394e1a0f]" name="aftertest" is-config="true" duration-ms="2363" started-at="2018-10-08T07:05:01Z" finished-at="2018-10-08T07:05:04Z">
          <reporter-output>
          </reporter-output>
        </test-method> <!-- aftertest -->
      </class> <!-- testClass.TestClass1 -->
    </test> <!-- Test -->
  </suite> <!-- Suite -->
</testng-results>
